# JRE version: Java(TM) SE Runtime Environment (7.0_80-b15) (build 1.7.0_80-b15)
# Java VM: Java HotSpot(TM) 64-Bit Server VM (24.80-b11 mixed mode windows-amd64 compressed oops)
Heap
 PSYoungGen      total 1383936K, used 1383392K [0x00000007ab080000, 0x0000000800000000, 0x0000000800000000)
  eden space 1375744K, 100% used [0x00000007ab080000,0x00000007ff000000,0x00000007ff000000)
  from space 8192K, 93% used [0x00000007ff000000,0x00000007ff778000,0x00000007ff800000)
  to   space 8192K, 47% used [0x00000007ff800000,0x00000007ffbd0000,0x0000000800000000)
 ParOldGen       total 478208K, used 260919K [0x0000000701200000, 0x000000071e500000, 0x00000007ab080000)
  object space 478208K, 54% used [0x0000000701200000,0x00000007110cdf30,0x000000071e500000)
 PSPermGen       total 21504K, used 4385K [0x00000006fc000000, 0x00000006fd500000, 0x0000000701200000)
  object space 21504K, 20% used [0x00000006fc000000,0x00000006fc4486f8,0x00000006fd500000)
GC Heap History (10 events):
Event: 35479.623 GC heap after
Heap after GC invocations=10259 (full 2):
 PSYoungGen      total 1383936K, used 7680K [0x00000007ab080000, 0x0000000800000000, 0x0000000800000000)
  eden space 1375744K, 0% used [0x00000007ab080000,0x00000007ab080000,0x00000007ff000000)
  from space 8192K, 93% used [0x00000007ff000000,0x00000007ff780000,0x00000007ff800000)
  to   space 8192K, 0% used [0x00000007ff800000,0x00000007ff800000,0x0000000800000000)
 ParOldGen       total 478208K, used 260919K [0x0000000701200000, 0x000000071e500000, 0x00000007ab080000)
  object space 478208K, 54% used [0x0000000701200000,0x00000007110cdf30,0x000000071e500000)
 PSPermGen       total 21504K, used 4385K [0x00000006fc000000, 0x00000006fd500000, 0x0000000701200000)
  object space 21504K, 20% used [0x00000006fc000000,0x00000006fc4486f8,0x00000006fd500000)
}
Event: 35510.110 GC heap before
{Heap before GC invocations=10260 (full 2):
 PSYoungGen      total 1383936K, used 1383424K [0x00000007ab080000, 0x0000000800000000, 0x0000000800000000)
  eden space 1375744K, 100% used [0x00000007ab080000,0x00000007ff000000,0x00000007ff000000)
  from space 8192K, 93% used [0x00000007ff000000,0x00000007ff780000,0x00000007ff800000)
  to   space 8192K, 0% used [0x00000007ff800000,0x00000007ff800000,0x0000000800000000)
 ParOldGen       total 478208K, used 260919K [0x0000000701200000, 0x000000071e500000, 0x00000007ab080000)
  object space 478208K, 54% used [0x0000000701200000,0x00000007110cdf30,0x000000071e500000)
 PSPermGen       total 21504K, used 4385K [0x00000006fc000000, 0x00000006fd500000, 0x0000000701200000)
  object space 21504K, 20% used [0x00000006fc000000,0x00000006fc4486f8,0x00000006fd500000)
Event: 35510.142 GC heap after
Heap after GC invocations=10260 (full 2):
 PSYoungGen      total 1383936K, used 7680K [0x00000007ab080000, 0x0000000800000000, 0x0000000800000000)
  eden space 1375744K, 0% used [0x00000007ab080000,0x00000007ab080000,0x00000007ff000000)
  from space 8192K, 93% used [0x00000007ff800000,0x00000007fff80000,0x0000000800000000)
  to   space 8192K, 0% used [0x00000007ff000000,0x00000007ff000000,0x00000007ff800000)
 ParOldGen       total 478208K, used 260919K [0x0000000701200000, 0x000000071e500000, 0x00000007ab080000)
  object space 478208K, 54% used [0x0000000701200000,0x00000007110cdf30,0x000000071e500000)
 PSPermGen       total 21504K, used 4385K [0x00000006fc000000, 0x00000006fd500000, 0x0000000701200000)
  object space 21504K, 20% used [0x00000006fc000000,0x00000006fc4486f8,0x00000006fd500000)
}
Event: 35542.090 GC heap before
{Heap before GC invocations=10261 (full 2):
 PSYoungGen      total 1383936K, used 1383424K [0x00000007ab080000, 0x0000000800000000, 0x0000000800000000)
  eden space 1375744K, 100% used [0x00000007ab080000,0x00000007ff000000,0x00000007ff000000)
  from space 8192K, 93% used [0x00000007ff800000,0x00000007fff80000,0x0000000800000000)
  to   space 8192K, 0% used [0x00000007ff000000,0x00000007ff000000,0x00000007ff800000)
 ParOldGen       total 478208K, used 260919K [0x0000000701200000, 0x000000071e500000, 0x00000007ab080000)
  object space 478208K, 54% used [0x0000000701200000,0x00000007110cdf30,0x000000071e500000)
 PSPermGen       total 21504K, used 4385K [0x00000006fc000000, 0x00000006fd500000, 0x0000000701200000)
  object space 21504K, 20% used [0x00000006fc000000,0x00000006fc4486f8,0x00000006fd500000)
Event: 35542.119 GC heap after
Heap after GC invocations=10261 (full 2):
 PSYoungGen      total 1383936K, used 7760K [0x00000007ab080000, 0x0000000800000000, 0x0000000800000000)
  eden space 1375744K, 0% used [0x00000007ab080000,0x00000007ab080000,0x00000007ff000000)
  from space 8192K, 94% used [0x00000007ff000000,0x00000007ff794010,0x00000007ff800000)
  to   space 8192K, 0% used [0x00000007ff800000,0x00000007ff800000,0x0000000800000000)
 ParOldGen       total 478208K, used 260919K [0x0000000701200000, 0x000000071e500000, 0x00000007ab080000)
  object space 478208K, 54% used [0x0000000701200000,0x00000007110cdf30,0x000000071e500000)
 PSPermGen       total 21504K, used 4385K [0x00000006fc000000, 0x00000006fd500000, 0x0000000701200000)
  object space 21504K, 20% used [0x00000006fc000000,0x00000006fc4486f8,0x00000006fd500000)
}
Event: 35574.782 GC heap before
{Heap before GC invocations=10262 (full 2):
 PSYoungGen      total 1383936K, used 1383504K [0x00000007ab080000, 0x0000000800000000, 0x0000000800000000)
  eden space 1375744K, 100% used [0x00000007ab080000,0x00000007ff000000,0x00000007ff000000)
  from space 8192K, 94% used [0x00000007ff000000,0x00000007ff794010,0x00000007ff800000)
  to   space 8192K, 0% used [0x00000007ff800000,0x00000007ff800000,0x0000000800000000)
 ParOldGen       total 478208K, used 260919K [0x0000000701200000, 0x000000071e500000, 0x00000007ab080000)
  object space 478208K, 54% used [0x0000000701200000,0x00000007110cdf30,0x000000071e500000)
 PSPermGen       total 21504K, used 4385K [0x00000006fc000000, 0x00000006fd500000, 0x0000000701200000)
  object space 21504K, 20% used [0x00000006fc000000,0x00000006fc4486f8,0x00000006fd500000)
Event: 35574.824 GC heap after
Heap after GC invocations=10262 (full 2):
 PSYoungGen      total 1383936K, used 7680K [0x00000007ab080000, 0x0000000800000000, 0x0000000800000000)
  eden space 1375744K, 0% used [0x00000007ab080000,0x00000007ab080000,0x00000007ff000000)
  from space 8192K, 93% used [0x00000007ff800000,0x00000007fff80000,0x0000000800000000)
  to   space 8192K, 0% used [0x00000007ff000000,0x00000007ff000000,0x00000007ff800000)
 ParOldGen       total 478208K, used 260919K [0x0000000701200000, 0x000000071e500000, 0x00000007ab080000)
  object space 478208K, 54% used [0x0000000701200000,0x00000007110cdf30,0x000000071e500000)
 PSPermGen       total 21504K, used 4385K [0x00000006fc000000, 0x00000006fd500000, 0x0000000701200000)
  object space 21504K, 20% used [0x00000006fc000000,0x00000006fc4486f8,0x00000006fd500000)
}
Event: 35607.970 GC heap before
{Heap before GC invocations=10263 (full 2):
 PSYoungGen      total 1383936K, used 1383424K [0x00000007ab080000, 0x0000000800000000, 0x0000000800000000)
  eden space 1375744K, 100% used [0x00000007ab080000,0x00000007ff000000,0x00000007ff000000)
  from space 8192K, 93% used [0x00000007ff800000,0x00000007fff80000,0x0000000800000000)
  to   space 8192K, 0% used [0x00000007ff000000,0x00000007ff000000,0x00000007ff800000)
 ParOldGen       total 478208K, used 260919K [0x0000000701200000, 0x000000071e500000, 0x00000007ab080000)
  object space 478208K, 54% used [0x0000000701200000,0x00000007110cdf30,0x000000071e500000)
 PSPermGen       total 21504K, used 4385K [0x00000006fc000000, 0x00000006fd500000, 0x0000000701200000)
  object space 21504K, 20% used [0x00000006fc000000,0x00000006fc4486f8,0x00000006fd500000)
Event: 35607.995 GC heap after
Heap after GC invocations=10263 (full 2):
 PSYoungGen      total 1383936K, used 7648K [0x00000007ab080000, 0x0000000800000000, 0x0000000800000000)
  eden space 1375744K, 0% used [0x00000007ab080000,0x00000007ab080000,0x00000007ff000000)
  from space 8192K, 93% used [0x00000007ff000000,0x00000007ff778000,0x00000007ff800000)
  to   space 8192K, 0% used [0x00000007ff800000,0x00000007ff800000,0x0000000800000000)
 ParOldGen       total 478208K, used 260919K [0x0000000701200000, 0x000000071e500000, 0x00000007ab080000)
  object space 478208K, 54% used [0x0000000701200000,0x00000007110cdf30,0x000000071e500000)
 PSPermGen       total 21504K, used 4385K [0x00000006fc000000, 0x00000006fd500000, 0x0000000701200000)
  object space 21504K, 20% used [0x00000006fc000000,0x00000006fc4486f8,0x00000006fd500000)
}
Event: 35638.850 GC heap before
{Heap before GC invocations=10264 (full 2):
 PSYoungGen      total 1383936K, used 1383392K [0x00000007ab080000, 0x0000000800000000, 0x0000000800000000)
  eden space 1375744K, 100% used [0x00000007ab080000,0x00000007ff000000,0x00000007ff000000)
  from space 8192K, 93% used [0x00000007ff000000,0x00000007ff778000,0x00000007ff800000)
  to   space 8192K, 0% used [0x00000007ff800000,0x00000007ff800000,0x0000000800000000)
 ParOldGen       total 478208K, used 260919K [0x0000000701200000, 0x000000071e500000, 0x00000007ab080000)
  object space 478208K, 54% used [0x0000000701200000,0x00000007110cdf30,0x000000071e500000)
 PSPermGen       total 21504K, used 4385K [0x00000006fc000000, 0x00000006fd500000, 0x0000000701200000)
  object space 21504K, 20% used [0x00000006fc000000,0x00000006fc4486f8,0x00000006fd500000)

