# JRE version: Java(TM) SE Runtime Environment (7.0_80-b15) (build 1.7.0_80-b15)
# Java VM: Java HotSpot(TM) 64-Bit Server VM (24.80-b11 mixed mode windows-amd64 compressed oops)
Heap
 PSYoungGen      total 461312K, used 245396K [0x00000007ab080000, 0x00000007d1300000, 0x0000000800000000)
  eden space 374272K, 42% used [0x00000007ab080000,0x00000007b4b51190,0x00000007c1e00000)
  from space 87040K, 99% used [0x00000007c8800000,0x00000007cdcd4200,0x00000007cdd00000)
  to   space 55296K, 0% used [0x00000007cdd00000,0x00000007cdd00000,0x00000007d1300000)
 ParOldGen       total 382976K, used 179179K [0x0000000701200000, 0x0000000718800000, 0x00000007ab080000)
  object space 382976K, 46% used [0x0000000701200000,0x000000070c0fad18,0x0000000718800000)
 PSPermGen       total 21504K, used 4223K [0x00000006fc000000, 0x00000006fd500000, 0x0000000701200000)
  object space 21504K, 19% used [0x00000006fc000000,0x00000006fc41ffd0,0x00000006fd500000)
GC Heap History (10 events):
Event: 1.323 GC heap before
{Heap before GC invocations=4 (full 0):
 PSYoungGen      total 141824K, used 141816K [0x00000007ab080000, 0x00000007bc580000, 0x0000000800000000)
  eden space 131072K, 100% used [0x00000007ab080000,0x00000007b3080000,0x00000007b3080000)
  from space 10752K, 99% used [0x00000007b3080000,0x00000007b3afe0a0,0x00000007b3b00000)
  to   space 10752K, 0% used [0x00000007bbb00000,0x00000007bbb00000,0x00000007bc580000)
 ParOldGen       total 173568K, used 57440K [0x0000000701200000, 0x000000070bb80000, 0x00000007ab080000)
  object space 173568K, 33% used [0x0000000701200000,0x0000000704a180a0,0x000000070bb80000)
 PSPermGen       total 21504K, used 4219K [0x00000006fc000000, 0x00000006fd500000, 0x0000000701200000)
  object space 21504K, 19% used [0x00000006fc000000,0x00000006fc41eec8,0x00000006fd500000)
Event: 1.363 GC heap after
Heap after GC invocations=4 (full 0):
 PSYoungGen      total 272896K, used 10736K [0x00000007ab080000, 0x00000007bc580000, 0x0000000800000000)
  eden space 262144K, 0% used [0x00000007ab080000,0x00000007ab080000,0x00000007bb080000)
  from space 10752K, 99% used [0x00000007bbb00000,0x00000007bc57c0a0,0x00000007bc580000)
  to   space 10752K, 0% used [0x00000007bb080000,0x00000007bb080000,0x00000007bbb00000)
 ParOldGen       total 173568K, used 96592K [0x0000000701200000, 0x000000070bb80000, 0x00000007ab080000)
  object space 173568K, 55% used [0x0000000701200000,0x00000007070541e0,0x000000070bb80000)
 PSPermGen       total 21504K, used 4219K [0x00000006fc000000, 0x00000006fd500000, 0x0000000701200000)
  object space 21504K, 19% used [0x00000006fc000000,0x00000006fc41eec8,0x00000006fd500000)
}
Event: 1.719 GC heap before
{Heap before GC invocations=5 (full 0):
 PSYoungGen      total 272896K, used 272880K [0x00000007ab080000, 0x00000007bc580000, 0x0000000800000000)
  eden space 262144K, 100% used [0x00000007ab080000,0x00000007bb080000,0x00000007bb080000)
  from space 10752K, 99% used [0x00000007bbb00000,0x00000007bc57c0a0,0x00000007bc580000)
  to   space 10752K, 0% used [0x00000007bb080000,0x00000007bb080000,0x00000007bbb00000)
 ParOldGen       total 173568K, used 96592K [0x0000000701200000, 0x000000070bb80000, 0x00000007ab080000)
  object space 173568K, 55% used [0x0000000701200000,0x00000007070541e0,0x000000070bb80000)
 PSPermGen       total 21504K, used 4220K [0x00000006fc000000, 0x00000006fd500000, 0x0000000701200000)
  object space 21504K, 19% used [0x00000006fc000000,0x00000006fc41f0b8,0x00000006fd500000)
Event: 1.805 GC heap after
Heap after GC invocations=5 (full 0):
 PSYoungGen      total 272896K, used 10720K [0x00000007ab080000, 0x00000007d7480000, 0x0000000800000000)
  eden space 262144K, 0% used [0x00000007ab080000,0x00000007ab080000,0x00000007bb080000)
  from space 10752K, 99% used [0x00000007bb080000,0x00000007bbaf80b0,0x00000007bbb00000)
  to   space 100352K, 0% used [0x00000007d1280000,0x00000007d1280000,0x00000007d7480000)
 ParOldGen       total 179200K, used 178333K [0x0000000701200000, 0x000000070c100000, 0x00000007ab080000)
  object space 179200K, 99% used [0x0000000701200000,0x000000070c027470,0x000000070c100000)
 PSPermGen       total 21504K, used 4220K [0x00000006fc000000, 0x00000006fd500000, 0x0000000701200000)
  object space 21504K, 19% used [0x00000006fc000000,0x00000006fc41f0b8,0x00000006fd500000)
}
Event: 1.805 GC heap before
{Heap before GC invocations=6 (full 1):
 PSYoungGen      total 272896K, used 10720K [0x00000007ab080000, 0x00000007d7480000, 0x0000000800000000)
  eden space 262144K, 0% used [0x00000007ab080000,0x00000007ab080000,0x00000007bb080000)
  from space 10752K, 99% used [0x00000007bb080000,0x00000007bbaf80b0,0x00000007bbb00000)
  to   space 100352K, 0% used [0x00000007d1280000,0x00000007d1280000,0x00000007d7480000)
 ParOldGen       total 179200K, used 178333K [0x0000000701200000, 0x000000070c100000, 0x00000007ab080000)
  object space 179200K, 99% used [0x0000000701200000,0x000000070c027470,0x000000070c100000)
 PSPermGen       total 21504K, used 4220K [0x00000006fc000000, 0x00000006fd500000, 0x0000000701200000)
  object space 21504K, 19% used [0x00000006fc000000,0x00000006fc41f0b8,0x00000006fd500000)
Event: 3.205 GC heap after
Heap after GC invocations=6 (full 1):
 PSYoungGen      total 272896K, used 8140K [0x00000007ab080000, 0x00000007d7480000, 0x0000000800000000)
  eden space 262144K, 0% used [0x00000007ab080000,0x00000007ab080000,0x00000007bb080000)
  from space 10752K, 75% used [0x00000007bb080000,0x00000007bb873088,0x00000007bbb00000)
  to   space 100352K, 0% used [0x00000007d1280000,0x00000007d1280000,0x00000007d7480000)
 ParOldGen       total 382976K, used 179179K [0x0000000701200000, 0x0000000718800000, 0x00000007ab080000)
  object space 382976K, 46% used [0x0000000701200000,0x000000070c0fad18,0x0000000718800000)
 PSPermGen       total 21504K, used 4218K [0x00000006fc000000, 0x00000006fd500000, 0x0000000701200000)
  object space 21504K, 19% used [0x00000006fc000000,0x00000006fc41eb60,0x00000006fd500000)
}
Event: 8.075 GC heap before
{Heap before GC invocations=7 (full 1):
 PSYoungGen      total 272896K, used 270284K [0x00000007ab080000, 0x00000007d7480000, 0x0000000800000000)
  eden space 262144K, 100% used [0x00000007ab080000,0x00000007bb080000,0x00000007bb080000)
  from space 10752K, 75% used [0x00000007bb080000,0x00000007bb873088,0x00000007bbb00000)
  to   space 100352K, 0% used [0x00000007d1280000,0x00000007d1280000,0x00000007d7480000)
 ParOldGen       total 382976K, used 179179K [0x0000000701200000, 0x0000000718800000, 0x00000007ab080000)
  object space 382976K, 46% used [0x0000000701200000,0x000000070c0fad18,0x0000000718800000)
 PSPermGen       total 21504K, used 4223K [0x00000006fc000000, 0x00000006fd500000, 0x0000000701200000)
  object space 21504K, 19% used [0x00000006fc000000,0x00000006fc41ff30,0x00000006fd500000)
Event: 8.162 GC heap after
Heap after GC invocations=7 (full 1):
 PSYoungGen      total 404480K, used 85024K [0x00000007ab080000, 0x00000007d6600000, 0x0000000800000000)
  eden space 318976K, 0% used [0x00000007ab080000,0x00000007ab080000,0x00000007be800000)
  from space 85504K, 99% used [0x00000007d1280000,0x00000007d6588230,0x00000007d6600000)
  to   space 113664K, 0% used [0x00000007c8800000,0x00000007c8800000,0x00000007cf700000)
 ParOldGen       total 382976K, used 179179K [0x0000000701200000, 0x0000000718800000, 0x00000007ab080000)
  object space 382976K, 46% used [0x0000000701200000,0x000000070c0fad18,0x0000000718800000)
 PSPermGen       total 21504K, used 4223K [0x00000006fc000000, 0x00000006fd500000, 0x0000000701200000)
  object space 21504K, 19% used [0x00000006fc000000,0x00000006fc41ff30,0x00000006fd500000)
}
Event: 28.226 GC heap before
{Heap before GC invocations=8 (full 1):
 PSYoungGen      total 404480K, used 404000K [0x00000007ab080000, 0x00000007d6600000, 0x0000000800000000)
  eden space 318976K, 100% used [0x00000007ab080000,0x00000007be800000,0x00000007be800000)
  from space 85504K, 99% used [0x00000007d1280000,0x00000007d6588230,0x00000007d6600000)
  to   space 113664K, 0% used [0x00000007c8800000,0x00000007c8800000,0x00000007cf700000)
 ParOldGen       total 382976K, used 179179K [0x0000000701200000, 0x0000000718800000, 0x00000007ab080000)
  object space 382976K, 46% used [0x0000000701200000,0x000000070c0fad18,0x0000000718800000)
 PSPermGen       total 21504K, used 4223K [0x00000006fc000000, 0x00000006fd500000, 0x0000000701200000)
  object space 21504K, 19% used [0x00000006fc000000,0x00000006fc41ffd0,0x00000006fd500000)
Event: 28.301 GC heap after
Heap after GC invocations=8 (full 1):
 PSYoungGen      total 461312K, used 86864K [0x00000007ab080000, 0x00000007d1300000, 0x0000000800000000)
  eden space 374272K, 0% used [0x00000007ab080000,0x00000007ab080000,0x00000007c1e00000)
  from space 87040K, 99% used [0x00000007c8800000,0x00000007cdcd4200,0x00000007cdd00000)
  to   space 55296K, 0% used [0x00000007cdd00000,0x00000007cdd00000,0x00000007d1300000)
 ParOldGen       total 382976K, used 179179K [0x0000000701200000, 0x0000000718800000, 0x00000007ab080000)
  object space 382976K, 46% used [0x0000000701200000,0x000000070c0fad18,0x0000000718800000)
 PSPermGen       total 21504K, used 4223K [0x00000006fc000000, 0x00000006fd500000, 0x0000000701200000)
  object space 21504K, 19% used [0x00000006fc000000,0x00000006fc41ffd0,0x00000006fd500000)
}

